{"/Users/taroschenker/Documents/Web Development/FutureProof Course/lap 2/week 3/habitat/server-side-repo/Habitat-Server/api/server.js": {"path":"/Users/taroschenker/Documents/Web Development/FutureProof Course/lap 2/week 3/habitat/server-side-repo/Habitat-Server/api/server.js","statementMap":{"0":{"start":{"line":1,"column":16},"end":{"line":1,"column":34}},"1":{"start":{"line":2,"column":13},"end":{"line":2,"column":28}},"2":{"start":{"line":3,"column":15},"end":{"line":3,"column":41}},"3":{"start":{"line":5,"column":15},"end":{"line":5,"column":24}},"4":{"start":{"line":6,"column":0},"end":{"line":6,"column":19}},"5":{"start":{"line":7,"column":0},"end":{"line":7,"column":27}},"6":{"start":{"line":10,"column":0},"end":{"line":10,"column":57}},"7":{"start":{"line":10,"column":30},"end":{"line":10,"column":55}},"8":{"start":{"line":12,"column":0},"end":{"line":12,"column":28}},"9":{"start":{"line":14,"column":0},"end":{"line":14,"column":24}}},"fnMap":{"0":{"name":"(anonymous_0)","decl":{"start":{"line":10,"column":16},"end":{"line":10,"column":17}},"loc":{"start":{"line":10,"column":30},"end":{"line":10,"column":55}},"line":10}},"branchMap":{},"s":{"0":8,"1":8,"2":8,"3":8,"4":8,"5":8,"6":8,"7":0,"8":8,"9":8},"f":{"0":0},"b":{},"_coverageSchema":"1a1c01bbd47fc00a2c39e90264f33305004495a9","hash":"082e41bc792e8b0c903a98a2c4daff316380c8a2"}
,"/Users/taroschenker/Documents/Web Development/FutureProof Course/lap 2/week 3/habitat/server-side-repo/Habitat-Server/api/controllers/habits.js": {"path":"/Users/taroschenker/Documents/Web Development/FutureProof Course/lap 2/week 3/habitat/server-side-repo/Habitat-Server/api/controllers/habits.js","statementMap":{"0":{"start":{"line":1,"column":14},"end":{"line":1,"column":40}},"1":{"start":{"line":2,"column":13},"end":{"line":2,"column":38}},"2":{"start":{"line":5,"column":2},"end":{"line":13,"column":3}},"3":{"start":{"line":7,"column":37},"end":{"line":7,"column":45}},"4":{"start":{"line":8,"column":18},"end":{"line":8,"column":58}},"5":{"start":{"line":10,"column":4},"end":{"line":10,"column":32}},"6":{"start":{"line":12,"column":4},"end":{"line":12,"column":34}},"7":{"start":{"line":17,"column":16},"end":{"line":17,"column":44}},"8":{"start":{"line":18,"column":2},"end":{"line":18,"column":50}},"9":{"start":{"line":19,"column":2},"end":{"line":19,"column":21}},"10":{"start":{"line":20,"column":2},"end":{"line":20,"column":50}},"11":{"start":{"line":22,"column":2},"end":{"line":36,"column":3}},"12":{"start":{"line":23,"column":4},"end":{"line":33,"column":6}},"13":{"start":{"line":27,"column":8},"end":{"line":31,"column":9}},"14":{"start":{"line":28,"column":10},"end":{"line":28,"column":57}},"15":{"start":{"line":30,"column":10},"end":{"line":30,"column":17}},"16":{"start":{"line":35,"column":4},"end":{"line":35,"column":51}},"17":{"start":{"line":41,"column":2},"end":{"line":46,"column":3}},"18":{"start":{"line":42,"column":18},"end":{"line":42,"column":33}},"19":{"start":{"line":43,"column":4},"end":{"line":43,"column":32}},"20":{"start":{"line":45,"column":4},"end":{"line":45,"column":34}},"21":{"start":{"line":50,"column":2},"end":{"line":56,"column":3}},"22":{"start":{"line":51,"column":13},"end":{"line":51,"column":26}},"23":{"start":{"line":52,"column":19},"end":{"line":52,"column":58}},"24":{"start":{"line":53,"column":4},"end":{"line":53,"column":33}},"25":{"start":{"line":55,"column":4},"end":{"line":55,"column":34}},"26":{"start":{"line":61,"column":2},"end":{"line":67,"column":3}},"27":{"start":{"line":62,"column":13},"end":{"line":62,"column":26}},"28":{"start":{"line":63,"column":19},"end":{"line":63,"column":43}},"29":{"start":{"line":64,"column":4},"end":{"line":64,"column":33}},"30":{"start":{"line":66,"column":4},"end":{"line":66,"column":34}},"31":{"start":{"line":72,"column":2},"end":{"line":78,"column":3}},"32":{"start":{"line":73,"column":16},"end":{"line":73,"column":34}},"33":{"start":{"line":74,"column":19},"end":{"line":74,"column":51}},"34":{"start":{"line":75,"column":4},"end":{"line":75,"column":33}},"35":{"start":{"line":77,"column":4},"end":{"line":77,"column":34}},"36":{"start":{"line":82,"column":2},"end":{"line":88,"column":3}},"37":{"start":{"line":83,"column":16},"end":{"line":83,"column":34}},"38":{"start":{"line":84,"column":19},"end":{"line":84,"column":55}},"39":{"start":{"line":85,"column":4},"end":{"line":85,"column":33}},"40":{"start":{"line":87,"column":4},"end":{"line":87,"column":34}},"41":{"start":{"line":92,"column":2},"end":{"line":99,"column":3}},"42":{"start":{"line":93,"column":18},"end":{"line":93,"column":36}},"43":{"start":{"line":94,"column":18},"end":{"line":94,"column":52}},"44":{"start":{"line":95,"column":16},"end":{"line":95,"column":37}},"45":{"start":{"line":96,"column":4},"end":{"line":96,"column":37}},"46":{"start":{"line":98,"column":4},"end":{"line":98,"column":34}},"47":{"start":{"line":102,"column":0},"end":{"line":110,"column":2}}},"fnMap":{"0":{"name":"createHabit","decl":{"start":{"line":4,"column":15},"end":{"line":4,"column":26}},"loc":{"start":{"line":4,"column":37},"end":{"line":14,"column":1}},"line":4},"1":{"name":"verifyToken","decl":{"start":{"line":16,"column":9},"end":{"line":16,"column":20}},"loc":{"start":{"line":16,"column":37},"end":{"line":37,"column":1}},"line":16},"2":{"name":"(anonymous_2)","decl":{"start":{"line":26,"column":6},"end":{"line":26,"column":7}},"loc":{"start":{"line":26,"column":27},"end":{"line":32,"column":7}},"line":26},"3":{"name":"showAllHabits","decl":{"start":{"line":40,"column":15},"end":{"line":40,"column":28}},"loc":{"start":{"line":40,"column":39},"end":{"line":47,"column":1}},"line":40},"4":{"name":"showCompletedHabits","decl":{"start":{"line":49,"column":15},"end":{"line":49,"column":34}},"loc":{"start":{"line":49,"column":45},"end":{"line":57,"column":1}},"line":49},"5":{"name":"showUserHabits","decl":{"start":{"line":60,"column":15},"end":{"line":60,"column":29}},"loc":{"start":{"line":60,"column":40},"end":{"line":68,"column":1}},"line":60},"6":{"name":"showUserSpecificHabit","decl":{"start":{"line":71,"column":15},"end":{"line":71,"column":36}},"loc":{"start":{"line":71,"column":47},"end":{"line":79,"column":1}},"line":71},"7":{"name":"updateProgression","decl":{"start":{"line":81,"column":15},"end":{"line":81,"column":32}},"loc":{"start":{"line":81,"column":43},"end":{"line":89,"column":1}},"line":81},"8":{"name":"deleteHabit","decl":{"start":{"line":91,"column":15},"end":{"line":91,"column":26}},"loc":{"start":{"line":91,"column":37},"end":{"line":100,"column":1}},"line":91}},"branchMap":{"0":{"loc":{"start":{"line":22,"column":2},"end":{"line":36,"column":3}},"type":"if","locations":[{"start":{"line":22,"column":2},"end":{"line":36,"column":3}},{"start":{"line":34,"column":9},"end":{"line":36,"column":3}}],"line":22},"1":{"loc":{"start":{"line":27,"column":8},"end":{"line":31,"column":9}},"type":"if","locations":[{"start":{"line":27,"column":8},"end":{"line":31,"column":9}},{"start":{"line":29,"column":15},"end":{"line":31,"column":9}}],"line":27}},"s":{"0":8,"1":8,"2":0,"3":0,"4":0,"5":0,"6":0,"7":0,"8":0,"9":0,"10":0,"11":0,"12":0,"13":0,"14":0,"15":0,"16":0,"17":1,"18":1,"19":1,"20":0,"21":0,"22":0,"23":0,"24":0,"25":0,"26":0,"27":0,"28":0,"29":0,"30":0,"31":0,"32":0,"33":0,"34":0,"35":0,"36":0,"37":0,"38":0,"39":0,"40":0,"41":0,"42":0,"43":0,"44":0,"45":0,"46":0,"47":8},"f":{"0":0,"1":0,"2":0,"3":1,"4":0,"5":0,"6":0,"7":0,"8":0},"b":{"0":[0,0],"1":[0,0]},"_coverageSchema":"1a1c01bbd47fc00a2c39e90264f33305004495a9","hash":"39a0c9e21b0b03c05e6626d24dd4b1b6a27b9c0e"}
,"/Users/taroschenker/Documents/Web Development/FutureProof Course/lap 2/week 3/habitat/server-side-repo/Habitat-Server/api/controllers/images.js": {"path":"/Users/taroschenker/Documents/Web Development/FutureProof Course/lap 2/week 3/habitat/server-side-repo/Habitat-Server/api/controllers/images.js","statementMap":{"0":{"start":{"line":1,"column":21},"end":{"line":1,"column":54}},"1":{"start":{"line":4,"column":2},"end":{"line":9,"column":3}},"2":{"start":{"line":5,"column":19},"end":{"line":5,"column":41}},"3":{"start":{"line":6,"column":4},"end":{"line":6,"column":33}},"4":{"start":{"line":8,"column":4},"end":{"line":8,"column":34}},"5":{"start":{"line":12,"column":0},"end":{"line":12,"column":34}}},"fnMap":{"0":{"name":"getAllImages","decl":{"start":{"line":3,"column":15},"end":{"line":3,"column":27}},"loc":{"start":{"line":3,"column":38},"end":{"line":10,"column":1}},"line":3}},"branchMap":{},"s":{"0":8,"1":2,"2":2,"3":2,"4":0,"5":8},"f":{"0":2},"b":{},"_coverageSchema":"1a1c01bbd47fc00a2c39e90264f33305004495a9","hash":"3ae39b4e7be535f38e0f6d05dc9528d6ebc46223"}
,"/Users/taroschenker/Documents/Web Development/FutureProof Course/lap 2/week 3/habitat/server-side-repo/Habitat-Server/api/controllers/users.js": {"path":"/Users/taroschenker/Documents/Web Development/FutureProof Course/lap 2/week 3/habitat/server-side-repo/Habitat-Server/api/controllers/users.js","statementMap":{"0":{"start":{"line":1,"column":13},"end":{"line":1,"column":38}},"1":{"start":{"line":2,"column":15},"end":{"line":2,"column":34}},"2":{"start":{"line":3,"column":12},"end":{"line":3,"column":35}},"3":{"start":{"line":6,"column":2},"end":{"line":15,"column":3}},"4":{"start":{"line":8,"column":17},"end":{"line":8,"column":39}},"5":{"start":{"line":9,"column":19},"end":{"line":9,"column":61}},"6":{"start":{"line":10,"column":32},"end":{"line":10,"column":40}},"7":{"start":{"line":11,"column":17},"end":{"line":11,"column":59}},"8":{"start":{"line":12,"column":4},"end":{"line":12,"column":31}},"9":{"start":{"line":14,"column":4},"end":{"line":14,"column":34}},"10":{"start":{"line":19,"column":2},"end":{"line":55,"column":3}},"11":{"start":{"line":20,"column":17},"end":{"line":20,"column":52}},"12":{"start":{"line":21,"column":4},"end":{"line":23,"column":5}},"13":{"start":{"line":22,"column":6},"end":{"line":22,"column":46}},"14":{"start":{"line":25,"column":19},"end":{"line":25,"column":73}},"15":{"start":{"line":26,"column":4},"end":{"line":52,"column":5}},"16":{"start":{"line":44,"column":6},"end":{"line":49,"column":9}},"17":{"start":{"line":51,"column":6},"end":{"line":51,"column":60}},"18":{"start":{"line":54,"column":4},"end":{"line":54,"column":47}},"19":{"start":{"line":59,"column":2},"end":{"line":64,"column":3}},"20":{"start":{"line":60,"column":18},"end":{"line":60,"column":32}},"21":{"start":{"line":61,"column":4},"end":{"line":61,"column":32}},"22":{"start":{"line":63,"column":4},"end":{"line":63,"column":34}},"23":{"start":{"line":67,"column":0},"end":{"line":67,"column":48}}},"fnMap":{"0":{"name":"register","decl":{"start":{"line":5,"column":15},"end":{"line":5,"column":23}},"loc":{"start":{"line":5,"column":34},"end":{"line":16,"column":1}},"line":5},"1":{"name":"login","decl":{"start":{"line":18,"column":15},"end":{"line":18,"column":20}},"loc":{"start":{"line":18,"column":31},"end":{"line":56,"column":1}},"line":18},"2":{"name":"showUsers","decl":{"start":{"line":58,"column":15},"end":{"line":58,"column":24}},"loc":{"start":{"line":58,"column":35},"end":{"line":65,"column":1}},"line":58}},"branchMap":{"0":{"loc":{"start":{"line":21,"column":4},"end":{"line":23,"column":5}},"type":"if","locations":[{"start":{"line":21,"column":4},"end":{"line":23,"column":5}},{"start":{},"end":{}}],"line":21},"1":{"loc":{"start":{"line":26,"column":4},"end":{"line":52,"column":5}},"type":"if","locations":[{"start":{"line":26,"column":4},"end":{"line":52,"column":5}},{"start":{"line":50,"column":11},"end":{"line":52,"column":5}}],"line":26}},"s":{"0":8,"1":8,"2":8,"3":0,"4":0,"5":0,"6":0,"7":0,"8":0,"9":0,"10":0,"11":0,"12":0,"13":0,"14":0,"15":0,"16":0,"17":0,"18":0,"19":1,"20":1,"21":1,"22":0,"23":8},"f":{"0":0,"1":0,"2":1},"b":{"0":[0,0],"1":[0,0]},"_coverageSchema":"1a1c01bbd47fc00a2c39e90264f33305004495a9","hash":"ca7a812c5c7c72865ea33149d94d0eed74d4606e"}
,"/Users/taroschenker/Documents/Web Development/FutureProof Course/lap 2/week 3/habitat/server-side-repo/Habitat-Server/api/dbconfig/init.js": {"path":"/Users/taroschenker/Documents/Web Development/FutureProof Course/lap 2/week 3/habitat/server-side-repo/Habitat-Server/api/dbconfig/init.js","statementMap":{"0":{"start":{"line":1,"column":17},"end":{"line":1,"column":30}},"1":{"start":{"line":6,"column":0},"end":{"line":13,"column":1}},"2":{"start":{"line":7,"column":2},"end":{"line":12,"column":4}},"3":{"start":{"line":15,"column":13},"end":{"line":15,"column":29}},"4":{"start":{"line":17,"column":0},"end":{"line":17,"column":22}}},"fnMap":{},"branchMap":{"0":{"loc":{"start":{"line":6,"column":0},"end":{"line":13,"column":1}},"type":"if","locations":[{"start":{"line":6,"column":0},"end":{"line":13,"column":1}},{"start":{},"end":{}}],"line":6}},"s":{"0":10,"1":10,"2":0,"3":10,"4":10},"f":{},"b":{"0":[0,10]},"_coverageSchema":"1a1c01bbd47fc00a2c39e90264f33305004495a9","hash":"8212ae8c3931bd8f978eeb72cf406bddb16e6416"}
,"/Users/taroschenker/Documents/Web Development/FutureProof Course/lap 2/week 3/habitat/server-side-repo/Habitat-Server/api/models/Habit.js": {"path":"/Users/taroschenker/Documents/Web Development/FutureProof Course/lap 2/week 3/habitat/server-side-repo/Habitat-Server/api/models/Habit.js","statementMap":{"0":{"start":{"line":1,"column":11},"end":{"line":1,"column":38}},"1":{"start":{"line":2,"column":13},"end":{"line":2,"column":30}},"2":{"start":{"line":6,"column":4},"end":{"line":6,"column":22}},"3":{"start":{"line":7,"column":4},"end":{"line":7,"column":28}},"4":{"start":{"line":8,"column":4},"end":{"line":8,"column":36}},"5":{"start":{"line":9,"column":4},"end":{"line":9,"column":40}},"6":{"start":{"line":10,"column":4},"end":{"line":10,"column":36}},"7":{"start":{"line":11,"column":4},"end":{"line":11,"column":30}},"8":{"start":{"line":12,"column":4},"end":{"line":12,"column":32}},"9":{"start":{"line":16,"column":4},"end":{"line":25,"column":7}},"10":{"start":{"line":17,"column":6},"end":{"line":24,"column":7}},"11":{"start":{"line":18,"column":24},"end":{"line":18,"column":62}},"12":{"start":{"line":19,"column":21},"end":{"line":19,"column":68}},"13":{"start":{"line":19,"column":51},"end":{"line":19,"column":67}},"14":{"start":{"line":20,"column":8},"end":{"line":20,"column":28}},"15":{"start":{"line":21,"column":8},"end":{"line":21,"column":24}},"16":{"start":{"line":23,"column":8},"end":{"line":23,"column":42}},"17":{"start":{"line":30,"column":4},"end":{"line":41,"column":7}},"18":{"start":{"line":31,"column":6},"end":{"line":40,"column":7}},"19":{"start":{"line":32,"column":24},"end":{"line":35,"column":9}},"20":{"start":{"line":36,"column":21},"end":{"line":36,"column":68}},"21":{"start":{"line":36,"column":51},"end":{"line":36,"column":67}},"22":{"start":{"line":37,"column":8},"end":{"line":37,"column":24}},"23":{"start":{"line":39,"column":8},"end":{"line":39,"column":59}},"24":{"start":{"line":46,"column":4},"end":{"line":56,"column":7}},"25":{"start":{"line":47,"column":6},"end":{"line":55,"column":7}},"26":{"start":{"line":48,"column":23},"end":{"line":50,"column":10}},"27":{"start":{"line":51,"column":20},"end":{"line":51,"column":47}},"28":{"start":{"line":52,"column":8},"end":{"line":52,"column":23}},"29":{"start":{"line":54,"column":8},"end":{"line":54,"column":58}},"30":{"start":{"line":61,"column":4},"end":{"line":71,"column":7}},"31":{"start":{"line":62,"column":6},"end":{"line":70,"column":7}},"32":{"start":{"line":63,"column":26},"end":{"line":66,"column":9}},"33":{"start":{"line":67,"column":8},"end":{"line":67,"column":37}},"34":{"start":{"line":69,"column":8},"end":{"line":69,"column":45}},"35":{"start":{"line":97,"column":4},"end":{"line":128,"column":7}},"36":{"start":{"line":98,"column":6},"end":{"line":127,"column":7}},"37":{"start":{"line":99,"column":27},"end":{"line":102,"column":9}},"38":{"start":{"line":104,"column":32},"end":{"line":104,"column":64}},"39":{"start":{"line":106,"column":21},"end":{"line":106,"column":48}},"40":{"start":{"line":108,"column":8},"end":{"line":118,"column":9}},"41":{"start":{"line":109,"column":10},"end":{"line":109,"column":61}},"42":{"start":{"line":110,"column":10},"end":{"line":110,"column":47}},"43":{"start":{"line":112,"column":10},"end":{"line":112,"column":67}},"44":{"start":{"line":113,"column":10},"end":{"line":117,"column":11}},"45":{"start":{"line":114,"column":12},"end":{"line":114,"column":21}},"46":{"start":{"line":115,"column":22},"end":{"line":115,"column":40}},"47":{"start":{"line":116,"column":12},"end":{"line":116,"column":52}},"48":{"start":{"line":120,"column":26},"end":{"line":123,"column":9}},"49":{"start":{"line":124,"column":8},"end":{"line":124,"column":37}},"50":{"start":{"line":126,"column":8},"end":{"line":126,"column":58}},"51":{"start":{"line":148,"column":4},"end":{"line":161,"column":7}},"52":{"start":{"line":149,"column":6},"end":{"line":160,"column":7}},"53":{"start":{"line":150,"column":24},"end":{"line":150,"column":27}},"54":{"start":{"line":151,"column":21},"end":{"line":151,"column":22}},"55":{"start":{"line":152,"column":26},"end":{"line":152,"column":27}},"56":{"start":{"line":153,"column":26},"end":{"line":156,"column":9}},"57":{"start":{"line":157,"column":8},"end":{"line":157,"column":37}},"58":{"start":{"line":159,"column":8},"end":{"line":159,"column":45}},"59":{"start":{"line":166,"column":4},"end":{"line":178,"column":7}},"60":{"start":{"line":167,"column":6},"end":{"line":177,"column":7}},"61":{"start":{"line":168,"column":24},"end":{"line":171,"column":9}},"62":{"start":{"line":173,"column":21},"end":{"line":173,"column":68}},"63":{"start":{"line":173,"column":51},"end":{"line":173,"column":67}},"64":{"start":{"line":174,"column":8},"end":{"line":174,"column":24}},"65":{"start":{"line":176,"column":8},"end":{"line":176,"column":42}},"66":{"start":{"line":183,"column":4},"end":{"line":190,"column":7}},"67":{"start":{"line":184,"column":6},"end":{"line":189,"column":7}},"68":{"start":{"line":185,"column":8},"end":{"line":185,"column":71}},"69":{"start":{"line":186,"column":8},"end":{"line":186,"column":38}},"70":{"start":{"line":188,"column":8},"end":{"line":188,"column":45}},"71":{"start":{"line":194,"column":0},"end":{"line":194,"column":23}}},"fnMap":{"0":{"name":"(anonymous_0)","decl":{"start":{"line":5,"column":2},"end":{"line":5,"column":3}},"loc":{"start":{"line":5,"column":20},"end":{"line":13,"column":3}},"line":5},"1":{"name":"(anonymous_1)","decl":{"start":{"line":15,"column":2},"end":{"line":15,"column":3}},"loc":{"start":{"line":15,"column":19},"end":{"line":26,"column":3}},"line":15},"2":{"name":"(anonymous_2)","decl":{"start":{"line":16,"column":23},"end":{"line":16,"column":24}},"loc":{"start":{"line":16,"column":50},"end":{"line":25,"column":5}},"line":16},"3":{"name":"(anonymous_3)","decl":{"start":{"line":19,"column":40},"end":{"line":19,"column":41}},"loc":{"start":{"line":19,"column":51},"end":{"line":19,"column":67}},"line":19},"4":{"name":"(anonymous_4)","decl":{"start":{"line":29,"column":2},"end":{"line":29,"column":3}},"loc":{"start":{"line":29,"column":22},"end":{"line":42,"column":3}},"line":29},"5":{"name":"(anonymous_5)","decl":{"start":{"line":30,"column":23},"end":{"line":30,"column":24}},"loc":{"start":{"line":30,"column":50},"end":{"line":41,"column":5}},"line":30},"6":{"name":"(anonymous_6)","decl":{"start":{"line":36,"column":40},"end":{"line":36,"column":41}},"loc":{"start":{"line":36,"column":51},"end":{"line":36,"column":67}},"line":36},"7":{"name":"(anonymous_7)","decl":{"start":{"line":45,"column":2},"end":{"line":45,"column":3}},"loc":{"start":{"line":45,"column":27},"end":{"line":57,"column":3}},"line":45},"8":{"name":"(anonymous_8)","decl":{"start":{"line":46,"column":23},"end":{"line":46,"column":24}},"loc":{"start":{"line":46,"column":50},"end":{"line":56,"column":5}},"line":46},"9":{"name":"(anonymous_9)","decl":{"start":{"line":60,"column":2},"end":{"line":60,"column":3}},"loc":{"start":{"line":60,"column":53},"end":{"line":72,"column":3}},"line":60},"10":{"name":"(anonymous_10)","decl":{"start":{"line":61,"column":23},"end":{"line":61,"column":24}},"loc":{"start":{"line":61,"column":50},"end":{"line":71,"column":5}},"line":61},"11":{"name":"(anonymous_11)","decl":{"start":{"line":96,"column":2},"end":{"line":96,"column":3}},"loc":{"start":{"line":96,"column":36},"end":{"line":129,"column":3}},"line":96},"12":{"name":"(anonymous_12)","decl":{"start":{"line":97,"column":23},"end":{"line":97,"column":24}},"loc":{"start":{"line":97,"column":50},"end":{"line":128,"column":5}},"line":97},"13":{"name":"(anonymous_13)","decl":{"start":{"line":147,"column":2},"end":{"line":147,"column":3}},"loc":{"start":{"line":147,"column":38},"end":{"line":162,"column":3}},"line":147},"14":{"name":"(anonymous_14)","decl":{"start":{"line":148,"column":23},"end":{"line":148,"column":24}},"loc":{"start":{"line":148,"column":50},"end":{"line":161,"column":5}},"line":148},"15":{"name":"(anonymous_15)","decl":{"start":{"line":165,"column":2},"end":{"line":165,"column":3}},"loc":{"start":{"line":165,"column":37},"end":{"line":179,"column":3}},"line":165},"16":{"name":"(anonymous_16)","decl":{"start":{"line":166,"column":23},"end":{"line":166,"column":24}},"loc":{"start":{"line":166,"column":50},"end":{"line":178,"column":5}},"line":166},"17":{"name":"(anonymous_17)","decl":{"start":{"line":173,"column":40},"end":{"line":173,"column":41}},"loc":{"start":{"line":173,"column":51},"end":{"line":173,"column":67}},"line":173},"18":{"name":"(anonymous_18)","decl":{"start":{"line":182,"column":2},"end":{"line":182,"column":3}},"loc":{"start":{"line":182,"column":12},"end":{"line":191,"column":3}},"line":182},"19":{"name":"(anonymous_19)","decl":{"start":{"line":183,"column":23},"end":{"line":183,"column":24}},"loc":{"start":{"line":183,"column":50},"end":{"line":190,"column":5}},"line":183}},"branchMap":{"0":{"loc":{"start":{"line":108,"column":8},"end":{"line":118,"column":9}},"type":"if","locations":[{"start":{"line":108,"column":8},"end":{"line":118,"column":9}},{"start":{"line":111,"column":15},"end":{"line":118,"column":9}}],"line":108},"1":{"loc":{"start":{"line":113,"column":10},"end":{"line":117,"column":11}},"type":"if","locations":[{"start":{"line":113,"column":10},"end":{"line":117,"column":11}},{"start":{},"end":{}}],"line":113}},"s":{"0":8,"1":8,"2":6,"3":6,"4":6,"5":6,"6":6,"7":6,"8":6,"9":1,"10":1,"11":1,"12":1,"13":4,"14":1,"15":1,"16":0,"17":0,"18":0,"19":0,"20":0,"21":0,"22":0,"23":0,"24":0,"25":0,"26":0,"27":0,"28":0,"29":0,"30":0,"31":0,"32":0,"33":0,"34":0,"35":0,"36":0,"37":0,"38":0,"39":0,"40":0,"41":0,"42":0,"43":0,"44":0,"45":0,"46":0,"47":0,"48":0,"49":0,"50":0,"51":0,"52":0,"53":0,"54":0,"55":0,"56":0,"57":0,"58":0,"59":0,"60":0,"61":0,"62":0,"63":0,"64":0,"65":0,"66":0,"67":0,"68":0,"69":0,"70":0,"71":8},"f":{"0":6,"1":1,"2":1,"3":4,"4":0,"5":0,"6":0,"7":0,"8":0,"9":0,"10":0,"11":0,"12":0,"13":0,"14":0,"15":0,"16":0,"17":0,"18":0,"19":0},"b":{"0":[0,0],"1":[0,0]},"_coverageSchema":"1a1c01bbd47fc00a2c39e90264f33305004495a9","hash":"cf74f7f74f49613595bf9d509089554209ed910a"}
,"/Users/taroschenker/Documents/Web Development/FutureProof Course/lap 2/week 3/habitat/server-side-repo/Habitat-Server/api/models/ProfileImage.js": {"path":"/Users/taroschenker/Documents/Web Development/FutureProof Course/lap 2/week 3/habitat/server-side-repo/Habitat-Server/api/models/ProfileImage.js","statementMap":{"0":{"start":{"line":1,"column":11},"end":{"line":1,"column":38}},"1":{"start":{"line":5,"column":4},"end":{"line":5,"column":22}},"2":{"start":{"line":6,"column":4},"end":{"line":6,"column":24}},"3":{"start":{"line":10,"column":4},"end":{"line":18,"column":7}},"4":{"start":{"line":11,"column":6},"end":{"line":17,"column":7}},"5":{"start":{"line":12,"column":23},"end":{"line":12,"column":62}},"6":{"start":{"line":13,"column":29},"end":{"line":13,"column":76}},"7":{"start":{"line":13,"column":54},"end":{"line":13,"column":75}},"8":{"start":{"line":14,"column":8},"end":{"line":14,"column":26}},"9":{"start":{"line":16,"column":8},"end":{"line":16,"column":37}},"10":{"start":{"line":22,"column":0},"end":{"line":22,"column":30}}},"fnMap":{"0":{"name":"(anonymous_0)","decl":{"start":{"line":4,"column":2},"end":{"line":4,"column":3}},"loc":{"start":{"line":4,"column":20},"end":{"line":7,"column":3}},"line":4},"1":{"name":"(anonymous_1)","decl":{"start":{"line":9,"column":2},"end":{"line":9,"column":3}},"loc":{"start":{"line":9,"column":19},"end":{"line":19,"column":3}},"line":9},"2":{"name":"(anonymous_2)","decl":{"start":{"line":10,"column":23},"end":{"line":10,"column":24}},"loc":{"start":{"line":10,"column":43},"end":{"line":18,"column":5}},"line":10},"3":{"name":"(anonymous_3)","decl":{"start":{"line":13,"column":45},"end":{"line":13,"column":46}},"loc":{"start":{"line":13,"column":54},"end":{"line":13,"column":75}},"line":13}},"branchMap":{},"s":{"0":8,"1":7,"2":7,"3":1,"4":1,"5":1,"6":1,"7":4,"8":1,"9":0,"10":8},"f":{"0":7,"1":1,"2":1,"3":4},"b":{},"_coverageSchema":"1a1c01bbd47fc00a2c39e90264f33305004495a9","hash":"0d8b677eb5fdbd894e283b83bd710ab7166fdb18"}
,"/Users/taroschenker/Documents/Web Development/FutureProof Course/lap 2/week 3/habitat/server-side-repo/Habitat-Server/api/models/User.js": {"path":"/Users/taroschenker/Documents/Web Development/FutureProof Course/lap 2/week 3/habitat/server-side-repo/Habitat-Server/api/models/User.js","statementMap":{"0":{"start":{"line":1,"column":11},"end":{"line":1,"column":38}},"1":{"start":{"line":5,"column":4},"end":{"line":5,"column":22}},"2":{"start":{"line":6,"column":4},"end":{"line":6,"column":34}},"3":{"start":{"line":7,"column":4},"end":{"line":7,"column":28}},"4":{"start":{"line":8,"column":4},"end":{"line":8,"column":34}},"5":{"start":{"line":12,"column":4},"end":{"line":20,"column":7}},"6":{"start":{"line":13,"column":6},"end":{"line":19,"column":7}},"7":{"start":{"line":14,"column":23},"end":{"line":14,"column":60}},"8":{"start":{"line":15,"column":20},"end":{"line":15,"column":63}},"9":{"start":{"line":15,"column":48},"end":{"line":15,"column":62}},"10":{"start":{"line":16,"column":8},"end":{"line":16,"column":23}},"11":{"start":{"line":18,"column":8},"end":{"line":18,"column":41}},"12":{"start":{"line":24,"column":4},"end":{"line":35,"column":7}},"13":{"start":{"line":25,"column":6},"end":{"line":34,"column":7}},"14":{"start":{"line":26,"column":23},"end":{"line":29,"column":9}},"15":{"start":{"line":30,"column":22},"end":{"line":30,"column":48}},"16":{"start":{"line":31,"column":8},"end":{"line":31,"column":25}},"17":{"start":{"line":33,"column":8},"end":{"line":33,"column":41}},"18":{"start":{"line":39,"column":4},"end":{"line":50,"column":7}},"19":{"start":{"line":40,"column":6},"end":{"line":49,"column":7}},"20":{"start":{"line":41,"column":23},"end":{"line":43,"column":10}},"21":{"start":{"line":45,"column":27},"end":{"line":45,"column":53}},"22":{"start":{"line":46,"column":8},"end":{"line":46,"column":30}},"23":{"start":{"line":48,"column":8},"end":{"line":48,"column":18}},"24":{"start":{"line":54,"column":4},"end":{"line":65,"column":7}},"25":{"start":{"line":55,"column":6},"end":{"line":64,"column":7}},"26":{"start":{"line":56,"column":23},"end":{"line":58,"column":10}},"27":{"start":{"line":60,"column":27},"end":{"line":60,"column":53}},"28":{"start":{"line":61,"column":8},"end":{"line":61,"column":30}},"29":{"start":{"line":63,"column":8},"end":{"line":63,"column":18}},"30":{"start":{"line":69,"column":0},"end":{"line":69,"column":22}}},"fnMap":{"0":{"name":"(anonymous_0)","decl":{"start":{"line":4,"column":2},"end":{"line":4,"column":3}},"loc":{"start":{"line":4,"column":20},"end":{"line":9,"column":3}},"line":4},"1":{"name":"(anonymous_1)","decl":{"start":{"line":11,"column":2},"end":{"line":11,"column":3}},"loc":{"start":{"line":11,"column":19},"end":{"line":21,"column":3}},"line":11},"2":{"name":"(anonymous_2)","decl":{"start":{"line":12,"column":23},"end":{"line":12,"column":24}},"loc":{"start":{"line":12,"column":50},"end":{"line":20,"column":5}},"line":12},"3":{"name":"(anonymous_3)","decl":{"start":{"line":15,"column":38},"end":{"line":15,"column":39}},"loc":{"start":{"line":15,"column":48},"end":{"line":15,"column":62}},"line":15},"4":{"name":"(anonymous_4)","decl":{"start":{"line":23,"column":2},"end":{"line":23,"column":3}},"loc":{"start":{"line":23,"column":43},"end":{"line":36,"column":3}},"line":23},"5":{"name":"(anonymous_5)","decl":{"start":{"line":24,"column":23},"end":{"line":24,"column":24}},"loc":{"start":{"line":24,"column":50},"end":{"line":35,"column":5}},"line":24},"6":{"name":"(anonymous_6)","decl":{"start":{"line":38,"column":2},"end":{"line":38,"column":3}},"loc":{"start":{"line":38,"column":25},"end":{"line":51,"column":3}},"line":38},"7":{"name":"(anonymous_7)","decl":{"start":{"line":39,"column":23},"end":{"line":39,"column":24}},"loc":{"start":{"line":39,"column":50},"end":{"line":50,"column":5}},"line":39},"8":{"name":"(anonymous_8)","decl":{"start":{"line":53,"column":2},"end":{"line":53,"column":3}},"loc":{"start":{"line":53,"column":26},"end":{"line":66,"column":3}},"line":53},"9":{"name":"(anonymous_9)","decl":{"start":{"line":54,"column":23},"end":{"line":54,"column":24}},"loc":{"start":{"line":54,"column":50},"end":{"line":65,"column":5}},"line":54}},"branchMap":{},"s":{"0":10,"1":0,"2":0,"3":0,"4":0,"5":0,"6":0,"7":0,"8":0,"9":0,"10":0,"11":0,"12":0,"13":0,"14":0,"15":0,"16":0,"17":0,"18":0,"19":0,"20":0,"21":0,"22":0,"23":0,"24":0,"25":0,"26":0,"27":0,"28":0,"29":0,"30":10},"f":{"0":0,"1":0,"2":0,"3":0,"4":0,"5":0,"6":0,"7":0,"8":0,"9":0},"b":{},"_coverageSchema":"1a1c01bbd47fc00a2c39e90264f33305004495a9","hash":"5b29f64ce98bb52ec40f11622087ae96f4e59e78"}
,"/Users/taroschenker/Documents/Web Development/FutureProof Course/lap 2/week 3/habitat/server-side-repo/Habitat-Server/api/routes/routes.js": {"path":"/Users/taroschenker/Documents/Web Development/FutureProof Course/lap 2/week 3/habitat/server-side-repo/Habitat-Server/api/routes/routes.js","statementMap":{"0":{"start":{"line":1,"column":16},"end":{"line":1,"column":34}},"1":{"start":{"line":2,"column":15},"end":{"line":2,"column":31}},"2":{"start":{"line":3,"column":24},"end":{"line":3,"column":55}},"3":{"start":{"line":4,"column":25},"end":{"line":4,"column":57}},"4":{"start":{"line":5,"column":31},"end":{"line":5,"column":63}},"5":{"start":{"line":6,"column":18},"end":{"line":6,"column":38}},"6":{"start":{"line":9,"column":0},"end":{"line":9,"column":51}},"7":{"start":{"line":10,"column":0},"end":{"line":10,"column":45}},"8":{"start":{"line":11,"column":0},"end":{"line":11,"column":43}},"9":{"start":{"line":14,"column":0},"end":{"line":14,"column":54}},"10":{"start":{"line":15,"column":0},"end":{"line":15,"column":59}},"11":{"start":{"line":16,"column":0},"end":{"line":16,"column":75}},"12":{"start":{"line":17,"column":0},"end":{"line":17,"column":67}},"13":{"start":{"line":18,"column":0},"end":{"line":18,"column":60}},"14":{"start":{"line":19,"column":0},"end":{"line":19,"column":73}},"15":{"start":{"line":20,"column":0},"end":{"line":20,"column":68}},"16":{"start":{"line":23,"column":0},"end":{"line":23,"column":65}},"17":{"start":{"line":25,"column":0},"end":{"line":25,"column":24}}},"fnMap":{},"branchMap":{},"s":{"0":8,"1":8,"2":8,"3":8,"4":8,"5":8,"6":8,"7":8,"8":8,"9":8,"10":8,"11":8,"12":8,"13":8,"14":8,"15":8,"16":8,"17":8},"f":{},"b":{},"_coverageSchema":"1a1c01bbd47fc00a2c39e90264f33305004495a9","hash":"fc544f655aec7ecba6f2f7c9bd3ba7373a885729"}
}
