{"/Users/taroschenker/Documents/Web Development/FutureProof Course/lap 2/week 3/habitat/server-side-repo/Habitat-Server/api/server.js": {"path":"/Users/taroschenker/Documents/Web Development/FutureProof Course/lap 2/week 3/habitat/server-side-repo/Habitat-Server/api/server.js","statementMap":{"0":{"start":{"line":1,"column":16},"end":{"line":1,"column":34}},"1":{"start":{"line":2,"column":13},"end":{"line":2,"column":28}},"2":{"start":{"line":3,"column":15},"end":{"line":3,"column":41}},"3":{"start":{"line":5,"column":15},"end":{"line":5,"column":24}},"4":{"start":{"line":6,"column":0},"end":{"line":6,"column":19}},"5":{"start":{"line":7,"column":0},"end":{"line":7,"column":27}},"6":{"start":{"line":10,"column":0},"end":{"line":10,"column":57}},"7":{"start":{"line":10,"column":30},"end":{"line":10,"column":55}},"8":{"start":{"line":12,"column":0},"end":{"line":12,"column":29}},"9":{"start":{"line":14,"column":0},"end":{"line":14,"column":24}}},"fnMap":{"0":{"name":"(anonymous_0)","decl":{"start":{"line":10,"column":16},"end":{"line":10,"column":17}},"loc":{"start":{"line":10,"column":30},"end":{"line":10,"column":55}},"line":10}},"branchMap":{},"s":{"0":2,"1":2,"2":2,"3":2,"4":2,"5":2,"6":2,"7":0,"8":2,"9":2},"f":{"0":0},"b":{},"_coverageSchema":"1a1c01bbd47fc00a2c39e90264f33305004495a9","hash":"8bacd83935e54d5cba4f7bccdca9e3f6095f6f99"}
,"/Users/taroschenker/Documents/Web Development/FutureProof Course/lap 2/week 3/habitat/server-side-repo/Habitat-Server/api/controllers/users.js": {"path":"/Users/taroschenker/Documents/Web Development/FutureProof Course/lap 2/week 3/habitat/server-side-repo/Habitat-Server/api/controllers/users.js","statementMap":{"0":{"start":{"line":1,"column":13},"end":{"line":1,"column":38}},"1":{"start":{"line":2,"column":15},"end":{"line":2,"column":34}},"2":{"start":{"line":5,"column":2},"end":{"line":14,"column":3}},"3":{"start":{"line":7,"column":17},"end":{"line":7,"column":39}},"4":{"start":{"line":8,"column":19},"end":{"line":8,"column":61}},"5":{"start":{"line":9,"column":32},"end":{"line":9,"column":40}},"6":{"start":{"line":10,"column":17},"end":{"line":10,"column":59}},"7":{"start":{"line":11,"column":4},"end":{"line":11,"column":31}},"8":{"start":{"line":13,"column":4},"end":{"line":13,"column":34}},"9":{"start":{"line":18,"column":2},"end":{"line":37,"column":3}},"10":{"start":{"line":19,"column":17},"end":{"line":19,"column":52}},"11":{"start":{"line":21,"column":4},"end":{"line":23,"column":5}},"12":{"start":{"line":22,"column":6},"end":{"line":22,"column":46}},"13":{"start":{"line":25,"column":19},"end":{"line":25,"column":73}},"14":{"start":{"line":26,"column":4},"end":{"line":34,"column":5}},"15":{"start":{"line":27,"column":6},"end":{"line":31,"column":9}},"16":{"start":{"line":33,"column":6},"end":{"line":33,"column":60}},"17":{"start":{"line":36,"column":4},"end":{"line":36,"column":47}},"18":{"start":{"line":41,"column":2},"end":{"line":46,"column":3}},"19":{"start":{"line":42,"column":18},"end":{"line":42,"column":32}},"20":{"start":{"line":43,"column":4},"end":{"line":43,"column":32}},"21":{"start":{"line":45,"column":4},"end":{"line":45,"column":34}},"22":{"start":{"line":49,"column":0},"end":{"line":49,"column":48}}},"fnMap":{"0":{"name":"register","decl":{"start":{"line":4,"column":15},"end":{"line":4,"column":23}},"loc":{"start":{"line":4,"column":34},"end":{"line":15,"column":1}},"line":4},"1":{"name":"login","decl":{"start":{"line":17,"column":15},"end":{"line":17,"column":20}},"loc":{"start":{"line":17,"column":31},"end":{"line":38,"column":1}},"line":17},"2":{"name":"showUsers","decl":{"start":{"line":40,"column":15},"end":{"line":40,"column":24}},"loc":{"start":{"line":40,"column":35},"end":{"line":47,"column":1}},"line":40}},"branchMap":{"0":{"loc":{"start":{"line":21,"column":4},"end":{"line":23,"column":5}},"type":"if","locations":[{"start":{"line":21,"column":4},"end":{"line":23,"column":5}},{"start":{},"end":{}}],"line":21},"1":{"loc":{"start":{"line":26,"column":4},"end":{"line":34,"column":5}},"type":"if","locations":[{"start":{"line":26,"column":4},"end":{"line":34,"column":5}},{"start":{"line":32,"column":11},"end":{"line":34,"column":5}}],"line":26}},"s":{"0":2,"1":2,"2":0,"3":0,"4":0,"5":0,"6":0,"7":0,"8":0,"9":0,"10":0,"11":0,"12":0,"13":0,"14":0,"15":0,"16":0,"17":0,"18":1,"19":1,"20":1,"21":0,"22":2},"f":{"0":0,"1":0,"2":1},"b":{"0":[0,0],"1":[0,0]},"_coverageSchema":"1a1c01bbd47fc00a2c39e90264f33305004495a9","hash":"8dc09352673fec9ece4eafe4966937c121c421fd"}
,"/Users/taroschenker/Documents/Web Development/FutureProof Course/lap 2/week 3/habitat/server-side-repo/Habitat-Server/api/dbconfig/init.js": {"path":"/Users/taroschenker/Documents/Web Development/FutureProof Course/lap 2/week 3/habitat/server-side-repo/Habitat-Server/api/dbconfig/init.js","statementMap":{"0":{"start":{"line":1,"column":17},"end":{"line":1,"column":30}},"1":{"start":{"line":6,"column":0},"end":{"line":13,"column":1}},"2":{"start":{"line":7,"column":2},"end":{"line":12,"column":4}},"3":{"start":{"line":15,"column":13},"end":{"line":15,"column":29}},"4":{"start":{"line":17,"column":0},"end":{"line":17,"column":22}}},"fnMap":{},"branchMap":{"0":{"loc":{"start":{"line":6,"column":0},"end":{"line":13,"column":1}},"type":"if","locations":[{"start":{"line":6,"column":0},"end":{"line":13,"column":1}},{"start":{},"end":{}}],"line":6}},"s":{"0":2,"1":2,"2":0,"3":2,"4":2},"f":{},"b":{"0":[0,2]},"_coverageSchema":"1a1c01bbd47fc00a2c39e90264f33305004495a9","hash":"8212ae8c3931bd8f978eeb72cf406bddb16e6416"}
,"/Users/taroschenker/Documents/Web Development/FutureProof Course/lap 2/week 3/habitat/server-side-repo/Habitat-Server/api/models/User.js": {"path":"/Users/taroschenker/Documents/Web Development/FutureProof Course/lap 2/week 3/habitat/server-side-repo/Habitat-Server/api/models/User.js","statementMap":{"0":{"start":{"line":1,"column":11},"end":{"line":1,"column":38}},"1":{"start":{"line":5,"column":4},"end":{"line":5,"column":22}},"2":{"start":{"line":6,"column":4},"end":{"line":6,"column":34}},"3":{"start":{"line":7,"column":4},"end":{"line":7,"column":28}},"4":{"start":{"line":8,"column":4},"end":{"line":8,"column":34}},"5":{"start":{"line":12,"column":4},"end":{"line":21,"column":7}},"6":{"start":{"line":13,"column":6},"end":{"line":20,"column":7}},"7":{"start":{"line":14,"column":23},"end":{"line":14,"column":60}},"8":{"start":{"line":15,"column":20},"end":{"line":15,"column":63}},"9":{"start":{"line":15,"column":48},"end":{"line":15,"column":62}},"10":{"start":{"line":16,"column":8},"end":{"line":16,"column":41}},"11":{"start":{"line":17,"column":8},"end":{"line":17,"column":23}},"12":{"start":{"line":19,"column":8},"end":{"line":19,"column":41}},"13":{"start":{"line":25,"column":4},"end":{"line":37,"column":7}},"14":{"start":{"line":26,"column":6},"end":{"line":36,"column":7}},"15":{"start":{"line":27,"column":23},"end":{"line":30,"column":9}},"16":{"start":{"line":31,"column":22},"end":{"line":31,"column":48}},"17":{"start":{"line":32,"column":8},"end":{"line":32,"column":29}},"18":{"start":{"line":33,"column":8},"end":{"line":33,"column":25}},"19":{"start":{"line":35,"column":8},"end":{"line":35,"column":41}},"20":{"start":{"line":41,"column":4},"end":{"line":53,"column":7}},"21":{"start":{"line":42,"column":6},"end":{"line":52,"column":7}},"22":{"start":{"line":43,"column":23},"end":{"line":45,"column":10}},"23":{"start":{"line":47,"column":27},"end":{"line":47,"column":53}},"24":{"start":{"line":48,"column":8},"end":{"line":48,"column":34}},"25":{"start":{"line":49,"column":8},"end":{"line":49,"column":30}},"26":{"start":{"line":51,"column":8},"end":{"line":51,"column":18}},"27":{"start":{"line":57,"column":0},"end":{"line":57,"column":22}}},"fnMap":{"0":{"name":"(anonymous_0)","decl":{"start":{"line":4,"column":2},"end":{"line":4,"column":3}},"loc":{"start":{"line":4,"column":20},"end":{"line":9,"column":3}},"line":4},"1":{"name":"(anonymous_1)","decl":{"start":{"line":11,"column":2},"end":{"line":11,"column":3}},"loc":{"start":{"line":11,"column":19},"end":{"line":22,"column":3}},"line":11},"2":{"name":"(anonymous_2)","decl":{"start":{"line":12,"column":23},"end":{"line":12,"column":24}},"loc":{"start":{"line":12,"column":50},"end":{"line":21,"column":5}},"line":12},"3":{"name":"(anonymous_3)","decl":{"start":{"line":15,"column":38},"end":{"line":15,"column":39}},"loc":{"start":{"line":15,"column":48},"end":{"line":15,"column":62}},"line":15},"4":{"name":"(anonymous_4)","decl":{"start":{"line":24,"column":2},"end":{"line":24,"column":3}},"loc":{"start":{"line":24,"column":43},"end":{"line":38,"column":3}},"line":24},"5":{"name":"(anonymous_5)","decl":{"start":{"line":25,"column":23},"end":{"line":25,"column":24}},"loc":{"start":{"line":25,"column":50},"end":{"line":37,"column":5}},"line":25},"6":{"name":"(anonymous_6)","decl":{"start":{"line":40,"column":2},"end":{"line":40,"column":3}},"loc":{"start":{"line":40,"column":25},"end":{"line":54,"column":3}},"line":40},"7":{"name":"(anonymous_7)","decl":{"start":{"line":41,"column":23},"end":{"line":41,"column":24}},"loc":{"start":{"line":41,"column":50},"end":{"line":53,"column":5}},"line":41}},"branchMap":{},"s":{"0":2,"1":0,"2":0,"3":0,"4":0,"5":0,"6":0,"7":0,"8":0,"9":0,"10":0,"11":0,"12":0,"13":0,"14":0,"15":0,"16":0,"17":0,"18":0,"19":0,"20":0,"21":0,"22":0,"23":0,"24":0,"25":0,"26":0,"27":2},"f":{"0":0,"1":0,"2":0,"3":0,"4":0,"5":0,"6":0,"7":0},"b":{},"_coverageSchema":"1a1c01bbd47fc00a2c39e90264f33305004495a9","hash":"678b0b754d6ca99c07c2cdd04d2be5ff551b876e"}
,"/Users/taroschenker/Documents/Web Development/FutureProof Course/lap 2/week 3/habitat/server-side-repo/Habitat-Server/api/routes/routes.js": {"path":"/Users/taroschenker/Documents/Web Development/FutureProof Course/lap 2/week 3/habitat/server-side-repo/Habitat-Server/api/routes/routes.js","statementMap":{"0":{"start":{"line":1,"column":16},"end":{"line":1,"column":34}},"1":{"start":{"line":2,"column":15},"end":{"line":2,"column":31}},"2":{"start":{"line":3,"column":24},"end":{"line":3,"column":55}},"3":{"start":{"line":5,"column":0},"end":{"line":5,"column":51}},"4":{"start":{"line":6,"column":0},"end":{"line":6,"column":45}},"5":{"start":{"line":7,"column":0},"end":{"line":7,"column":43}},"6":{"start":{"line":9,"column":0},"end":{"line":9,"column":24}}},"fnMap":{},"branchMap":{},"s":{"0":2,"1":2,"2":2,"3":2,"4":2,"5":2,"6":2},"f":{},"b":{},"_coverageSchema":"1a1c01bbd47fc00a2c39e90264f33305004495a9","hash":"830398070c8d0ae67e13514fe5edb3497f0e1e99"}
}
