TN:
SF:server.js
FN:10,(anonymous_0)
FNF:1
FNH:0
FNDA:0,(anonymous_0)
DA:1,8
DA:2,8
DA:3,8
DA:5,8
DA:6,8
DA:7,8
DA:10,8
DA:12,8
DA:14,8
LF:9
LH:9
BRF:0
BRH:0
end_of_record
TN:
SF:controllers/habits.js
FN:4,createHabit
FN:16,verifyToken
FN:26,(anonymous_2)
FN:40,showAllHabits
FN:49,showCompletedHabits
FN:60,showUserHabits
FN:71,showUserSpecificHabit
FN:81,updateProgression
FN:91,deleteHabit
FNF:9
FNH:1
FNDA:0,createHabit
FNDA:0,verifyToken
FNDA:0,(anonymous_2)
FNDA:1,showAllHabits
FNDA:0,showCompletedHabits
FNDA:0,showUserHabits
FNDA:0,showUserSpecificHabit
FNDA:0,updateProgression
FNDA:0,deleteHabit
DA:1,8
DA:2,8
DA:5,0
DA:7,0
DA:8,0
DA:10,0
DA:12,0
DA:17,0
DA:18,0
DA:19,0
DA:20,0
DA:22,0
DA:23,0
DA:27,0
DA:28,0
DA:30,0
DA:35,0
DA:41,1
DA:42,1
DA:43,1
DA:45,0
DA:50,0
DA:51,0
DA:52,0
DA:53,0
DA:55,0
DA:61,0
DA:62,0
DA:63,0
DA:64,0
DA:66,0
DA:72,0
DA:73,0
DA:74,0
DA:75,0
DA:77,0
DA:82,0
DA:83,0
DA:84,0
DA:85,0
DA:87,0
DA:92,0
DA:93,0
DA:94,0
DA:95,0
DA:96,0
DA:98,0
DA:102,8
LF:48
LH:6
BRDA:22,0,0,0
BRDA:22,0,1,0
BRDA:27,1,0,0
BRDA:27,1,1,0
BRF:4
BRH:0
end_of_record
TN:
SF:controllers/images.js
FN:3,getAllImages
FNF:1
FNH:1
FNDA:2,getAllImages
DA:1,8
DA:4,2
DA:5,2
DA:6,2
DA:8,0
DA:12,8
LF:6
LH:5
BRF:0
BRH:0
end_of_record
TN:
SF:controllers/users.js
FN:5,register
FN:18,login
FN:58,showUsers
FNF:3
FNH:1
FNDA:0,register
FNDA:0,login
FNDA:1,showUsers
DA:1,8
DA:2,8
DA:3,8
DA:6,0
DA:8,0
DA:9,0
DA:10,0
DA:11,0
DA:12,0
DA:14,0
DA:19,0
DA:20,0
DA:21,0
DA:22,0
DA:25,0
DA:26,0
DA:44,0
DA:51,0
DA:54,0
DA:59,1
DA:60,1
DA:61,1
DA:63,0
DA:67,8
LF:24
LH:7
BRDA:21,0,0,0
BRDA:21,0,1,0
BRDA:26,1,0,0
BRDA:26,1,1,0
BRF:4
BRH:0
end_of_record
TN:
SF:dbconfig/init.js
FNF:0
FNH:0
DA:1,10
DA:6,10
DA:7,0
DA:15,10
DA:17,10
LF:5
LH:4
BRDA:6,0,0,0
BRDA:6,0,1,10
BRF:2
BRH:1
end_of_record
TN:
SF:models/Habit.js
FN:5,(anonymous_0)
FN:15,(anonymous_1)
FN:16,(anonymous_2)
FN:19,(anonymous_3)
FN:29,(anonymous_4)
FN:30,(anonymous_5)
FN:36,(anonymous_6)
FN:45,(anonymous_7)
FN:46,(anonymous_8)
FN:60,(anonymous_9)
FN:61,(anonymous_10)
FN:96,(anonymous_11)
FN:97,(anonymous_12)
FN:147,(anonymous_13)
FN:148,(anonymous_14)
FN:165,(anonymous_15)
FN:166,(anonymous_16)
FN:173,(anonymous_17)
FN:182,(anonymous_18)
FN:183,(anonymous_19)
FNF:20
FNH:4
FNDA:6,(anonymous_0)
FNDA:1,(anonymous_1)
FNDA:1,(anonymous_2)
FNDA:4,(anonymous_3)
FNDA:0,(anonymous_4)
FNDA:0,(anonymous_5)
FNDA:0,(anonymous_6)
FNDA:0,(anonymous_7)
FNDA:0,(anonymous_8)
FNDA:0,(anonymous_9)
FNDA:0,(anonymous_10)
FNDA:0,(anonymous_11)
FNDA:0,(anonymous_12)
FNDA:0,(anonymous_13)
FNDA:0,(anonymous_14)
FNDA:0,(anonymous_15)
FNDA:0,(anonymous_16)
FNDA:0,(anonymous_17)
FNDA:0,(anonymous_18)
FNDA:0,(anonymous_19)
DA:1,8
DA:2,8
DA:6,6
DA:7,6
DA:8,6
DA:9,6
DA:10,6
DA:11,6
DA:12,6
DA:16,1
DA:17,1
DA:18,1
DA:19,4
DA:20,1
DA:21,1
DA:23,0
DA:30,0
DA:31,0
DA:32,0
DA:36,0
DA:37,0
DA:39,0
DA:46,0
DA:47,0
DA:48,0
DA:51,0
DA:52,0
DA:54,0
DA:61,0
DA:62,0
DA:63,0
DA:67,0
DA:69,0
DA:97,0
DA:98,0
DA:99,0
DA:104,0
DA:106,0
DA:108,0
DA:109,0
DA:110,0
DA:112,0
DA:113,0
DA:114,0
DA:115,0
DA:116,0
DA:120,0
DA:124,0
DA:126,0
DA:148,0
DA:149,0
DA:150,0
DA:151,0
DA:152,0
DA:153,0
DA:157,0
DA:159,0
DA:166,0
DA:167,0
DA:168,0
DA:173,0
DA:174,0
DA:176,0
DA:183,0
DA:184,0
DA:185,0
DA:186,0
DA:188,0
DA:194,8
LF:69
LH:16
BRDA:108,0,0,0
BRDA:108,0,1,0
BRDA:113,1,0,0
BRDA:113,1,1,0
BRF:4
BRH:0
end_of_record
TN:
SF:models/ProfileImage.js
FN:4,(anonymous_0)
FN:9,(anonymous_1)
FN:10,(anonymous_2)
FN:13,(anonymous_3)
FNF:4
FNH:4
FNDA:7,(anonymous_0)
FNDA:1,(anonymous_1)
FNDA:1,(anonymous_2)
FNDA:4,(anonymous_3)
DA:1,8
DA:5,7
DA:6,7
DA:10,1
DA:11,1
DA:12,1
DA:13,4
DA:14,1
DA:16,0
DA:22,8
LF:10
LH:9
BRF:0
BRH:0
end_of_record
TN:
SF:models/User.js
FN:4,(anonymous_0)
FN:11,(anonymous_1)
FN:12,(anonymous_2)
FN:15,(anonymous_3)
FN:23,(anonymous_4)
FN:24,(anonymous_5)
FN:38,(anonymous_6)
FN:39,(anonymous_7)
FN:53,(anonymous_8)
FN:54,(anonymous_9)
FNF:10
FNH:0
FNDA:0,(anonymous_0)
FNDA:0,(anonymous_1)
FNDA:0,(anonymous_2)
FNDA:0,(anonymous_3)
FNDA:0,(anonymous_4)
FNDA:0,(anonymous_5)
FNDA:0,(anonymous_6)
FNDA:0,(anonymous_7)
FNDA:0,(anonymous_8)
FNDA:0,(anonymous_9)
DA:1,10
DA:5,0
DA:6,0
DA:7,0
DA:8,0
DA:12,0
DA:13,0
DA:14,0
DA:15,0
DA:16,0
DA:18,0
DA:24,0
DA:25,0
DA:26,0
DA:30,0
DA:31,0
DA:33,0
DA:39,0
DA:40,0
DA:41,0
DA:45,0
DA:46,0
DA:48,0
DA:54,0
DA:55,0
DA:56,0
DA:60,0
DA:61,0
DA:63,0
DA:69,10
LF:30
LH:2
BRF:0
BRH:0
end_of_record
TN:
SF:routes/routes.js
FNF:0
FNH:0
DA:1,8
DA:2,8
DA:3,8
DA:4,8
DA:5,8
DA:6,8
DA:9,8
DA:10,8
DA:11,8
DA:14,8
DA:15,8
DA:16,8
DA:17,8
DA:18,8
DA:19,8
DA:20,8
DA:23,8
DA:25,8
LF:18
LH:18
BRF:0
BRH:0
end_of_record
