TN:
SF:server.js
FN:10,(anonymous_0)
FNF:1
FNH:0
FNDA:0,(anonymous_0)
DA:1,2
DA:2,2
DA:3,2
DA:5,2
DA:6,2
DA:7,2
DA:10,2
DA:12,2
DA:14,2
LF:9
LH:9
BRF:0
BRH:0
end_of_record
TN:
SF:controllers/users.js
FN:4,register
FN:17,login
FN:40,showUsers
FNF:3
FNH:1
FNDA:0,register
FNDA:0,login
FNDA:1,showUsers
DA:1,2
DA:2,2
DA:5,0
DA:7,0
DA:8,0
DA:9,0
DA:10,0
DA:11,0
DA:13,0
DA:18,0
DA:19,0
DA:21,0
DA:22,0
DA:25,0
DA:26,0
DA:27,0
DA:33,0
DA:36,0
DA:41,1
DA:42,1
DA:43,1
DA:45,0
DA:49,2
LF:23
LH:6
BRDA:21,0,0,0
BRDA:21,0,1,0
BRDA:26,1,0,0
BRDA:26,1,1,0
BRF:4
BRH:0
end_of_record
TN:
SF:dbconfig/init.js
FNF:0
FNH:0
DA:1,2
DA:6,2
DA:7,0
DA:15,2
DA:17,2
LF:5
LH:4
BRDA:6,0,0,0
BRDA:6,0,1,2
BRF:2
BRH:1
end_of_record
TN:
SF:models/User.js
FN:4,(anonymous_0)
FN:11,(anonymous_1)
FN:12,(anonymous_2)
FN:15,(anonymous_3)
FN:24,(anonymous_4)
FN:25,(anonymous_5)
FN:40,(anonymous_6)
FN:41,(anonymous_7)
FNF:8
FNH:0
FNDA:0,(anonymous_0)
FNDA:0,(anonymous_1)
FNDA:0,(anonymous_2)
FNDA:0,(anonymous_3)
FNDA:0,(anonymous_4)
FNDA:0,(anonymous_5)
FNDA:0,(anonymous_6)
FNDA:0,(anonymous_7)
DA:1,2
DA:5,0
DA:6,0
DA:7,0
DA:8,0
DA:12,0
DA:13,0
DA:14,0
DA:15,0
DA:16,0
DA:17,0
DA:19,0
DA:25,0
DA:26,0
DA:27,0
DA:31,0
DA:32,0
DA:33,0
DA:35,0
DA:41,0
DA:42,0
DA:43,0
DA:47,0
DA:48,0
DA:49,0
DA:51,0
DA:57,2
LF:27
LH:2
BRF:0
BRH:0
end_of_record
TN:
SF:routes/routes.js
FNF:0
FNH:0
DA:1,2
DA:2,2
DA:3,2
DA:5,2
DA:6,2
DA:7,2
DA:9,2
LF:7
LH:7
BRF:0
BRH:0
end_of_record
